<?xml version="1.0" encoding="UTF-8"?>
<!-- Generated by org.testng.reporters.JUnitReportReporter -->
<testsuite skipped="0" hostname="DESKTOP-EJPPISS" name="qaclickacademy.seleniumjavaTest" tests="2" failures="0" timestamp="30 Jan 2021 06:12:31 GMT" time="0.004" errors="0">
  <testcase name="elementautomation" time="0.002" classname="qaclickacademy.seleniumjavaTest"/>
  <testcase name="browserautomation" time="0.002" classname="qaclickacademy.seleniumjavaTest"/>
</testsuite> <!-- qaclickacademy.seleniumjavaTest -->
