<?xml version="1.0" encoding="UTF-8"?>
<!-- Generated by org.testng.reporters.JUnitReportReporter -->
<testsuite skipped="0" hostname="DESKTOP-EJPPISS" name="qaclickacademy.appiumTest" tests="2" failures="0" timestamp="30 Jan 2021 05:47:57 GMT" time="0.016" errors="0">
  <testcase name="IOSApp" time="0.016" classname="qaclickacademy.appiumTest"/>
  <testcase name="NativeApp" time="0.000" classname="qaclickacademy.appiumTest"/>
</testsuite> <!-- qaclickacademy.appiumTest -->
