<?xml version="1.0" encoding="UTF-8"?>
<!-- Generated by org.testng.reporters.JUnitReportReporter -->
<testsuite skipped="0" hostname="DESKTOP-EJPPISS" name="qaclickacademy.restapiTest" tests="1" failures="0" timestamp="30 Jan 2021 06:12:31 GMT" time="0.039" errors="0">
  <testcase name="deleteTwitter" time="0.039" classname="qaclickacademy.restapiTest"/>
</testsuite> <!-- qaclickacademy.restapiTest -->
